# JRE version: OpenJDK Runtime Environment (8.0_242-b01) (build 1.8.0_242-release-1644-b01)
# Java VM: OpenJDK 64-Bit Server VM (25.242-b01 mixed mode windows-amd64 compressed oops)
Heap:
 PSYoungGen      total 352256K, used 18055K [0x00000000e0000000, 0x00000000fac00000, 0x0000000100000000)
  eden space 330240K, 5% used [0x00000000e0000000,0x00000000e11a1cc8,0x00000000f4280000)
  from space 22016K, 0% used [0x00000000f9680000,0x00000000f9680000,0x00000000fac00000)
  to   space 17408K, 0% used [0x00000000f4280000,0x00000000f4280000,0x00000000f5380000)
 ParOldGen       total 118272K, used 30535K [0x00000000a0000000, 0x00000000a7380000, 0x00000000e0000000)
  object space 118272K, 25% used [0x00000000a0000000,0x00000000a1dd1d40,0x00000000a7380000)
 Metaspace       used 58187K, capacity 59966K, committed 60312K, reserved 1101824K
  class space    used 7411K, capacity 7818K, committed 7936K, reserved 1048576K
GC Heap History (10 events):
Event: 19.283 GC heap before
{Heap before GC invocations=15 (full 2):
 PSYoungGen      total 293376K, used 291319K [0x00000000e0000000, 0x00000000f3080000, 0x0000000100000000)
  eden space 285184K, 100% used [0x00000000e0000000,0x00000000f1680000,0x00000000f1680000)
  from space 8192K, 74% used [0x00000000f2880000,0x00000000f2e7deb8,0x00000000f3080000)
  to   space 13312K, 0% used [0x00000000f1680000,0x00000000f1680000,0x00000000f2380000)
 ParOldGen       total 92672K, used 13510K [0x00000000a0000000, 0x00000000a5a80000, 0x00000000e0000000)
  object space 92672K, 14% used [0x00000000a0000000,0x00000000a0d31ac0,0x00000000a5a80000)
 Metaspace       used 48310K, capacity 49800K, committed 50048K, reserved 1093632K
  class space    used 6184K, capacity 6525K, committed 6528K, reserved 1048576K
Event: 19.296 GC heap after
Heap after GC invocations=15 (full 2):
 PSYoungGen      total 298496K, used 13300K [0x00000000e0000000, 0x00000000f6380000, 0x0000000100000000)
  eden space 285184K, 0% used [0x00000000e0000000,0x00000000e0000000,0x00000000f1680000)
  from space 13312K, 99% used [0x00000000f1680000,0x00000000f237d1d0,0x00000000f2380000)
  to   space 16384K, 0% used [0x00000000f5380000,0x00000000f5380000,0x00000000f6380000)
 ParOldGen       total 92672K, used 16993K [0x00000000a0000000, 0x00000000a5a80000, 0x00000000e0000000)
  object space 92672K, 18% used [0x00000000a0000000,0x00000000a1098540,0x00000000a5a80000)
 Metaspace       used 48310K, capacity 49800K, committed 50048K, reserved 1093632K
  class space    used 6184K, capacity 6525K, committed 6528K, reserved 1048576K
}
Event: 20.786 GC heap before
{Heap before GC invocations=16 (full 2):
 PSYoungGen      total 298496K, used 298484K [0x00000000e0000000, 0x00000000f6380000, 0x0000000100000000)
  eden space 285184K, 100% used [0x00000000e0000000,0x00000000f1680000,0x00000000f1680000)
  from space 13312K, 99% used [0x00000000f1680000,0x00000000f237d1d0,0x00000000f2380000)
  to   space 16384K, 0% used [0x00000000f5380000,0x00000000f5380000,0x00000000f6380000)
 ParOldGen       total 92672K, used 16993K [0x00000000a0000000, 0x00000000a5a80000, 0x00000000e0000000)
  object space 92672K, 18% used [0x00000000a0000000,0x00000000a1098540,0x00000000a5a80000)
 Metaspace       used 48313K, capacity 49800K, committed 50048K, reserved 1093632K
  class space    used 6184K, capacity 6525K, committed 6528K, reserved 1048576K
Event: 20.794 GC heap after
Heap after GC invocations=16 (full 2):
 PSYoungGen      total 346624K, used 12393K [0x00000000e0000000, 0x00000000f6500000, 0x0000000100000000)
  eden space 330240K, 0% used [0x00000000e0000000,0x00000000e0000000,0x00000000f4280000)
  from space 16384K, 75% used [0x00000000f5380000,0x00000000f5f9a538,0x00000000f6380000)
  to   space 17408K, 0% used [0x00000000f4280000,0x00000000f4280000,0x00000000f5380000)
 ParOldGen       total 92672K, used 17001K [0x00000000a0000000, 0x00000000a5a80000, 0x00000000e0000000)
  object space 92672K, 18% used [0x00000000a0000000,0x00000000a109a540,0x00000000a5a80000)
 Metaspace       used 48313K, capacity 49800K, committed 50048K, reserved 1093632K
  class space    used 6184K, capacity 6525K, committed 6528K, reserved 1048576K
}
Event: 23.334 GC heap before
{Heap before GC invocations=17 (full 2):
 PSYoungGen      total 346624K, used 342633K [0x00000000e0000000, 0x00000000f6500000, 0x0000000100000000)
  eden space 330240K, 100% used [0x00000000e0000000,0x00000000f4280000,0x00000000f4280000)
  from space 16384K, 75% used [0x00000000f5380000,0x00000000f5f9a538,0x00000000f6380000)
  to   space 17408K, 0% used [0x00000000f4280000,0x00000000f4280000,0x00000000f5380000)
 ParOldGen       total 92672K, used 17001K [0x00000000a0000000, 0x00000000a5a80000, 0x00000000e0000000)
  object space 92672K, 18% used [0x00000000a0000000,0x00000000a109a540,0x00000000a5a80000)
 Metaspace       used 56661K, capacity 58534K, committed 58624K, reserved 1099776K
  class space    used 7248K, capacity 7663K, committed 7680K, reserved 1048576K
Event: 23.366 GC heap after
Heap after GC invocations=17 (full 2):
 PSYoungGen      total 347648K, used 17394K [0x00000000e0000000, 0x00000000fac00000, 0x0000000100000000)
  eden space 330240K, 0% used [0x00000000e0000000,0x00000000e0000000,0x00000000f4280000)
  from space 17408K, 99% used [0x00000000f4280000,0x00000000f537cb70,0x00000000f5380000)
  to   space 22016K, 0% used [0x00000000f9680000,0x00000000f9680000,0x00000000fac00000)
 ParOldGen       total 92672K, used 22938K [0x00000000a0000000, 0x00000000a5a80000, 0x00000000e0000000)
  object space 92672K, 24% used [0x00000000a0000000,0x00000000a16668a8,0x00000000a5a80000)
 Metaspace       used 56661K, capacity 58534K, committed 58624K, reserved 1099776K
  class space    used 7248K, capacity 7663K, committed 7680K, reserved 1048576K
}
Event: 23.455 GC heap before
{Heap before GC invocations=18 (full 2):
 PSYoungGen      total 347648K, used 29458K [0x00000000e0000000, 0x00000000fac00000, 0x0000000100000000)
  eden space 330240K, 3% used [0x00000000e0000000,0x00000000e0bc7c90,0x00000000f4280000)
  from space 17408K, 99% used [0x00000000f4280000,0x00000000f537cb70,0x00000000f5380000)
  to   space 22016K, 0% used [0x00000000f9680000,0x00000000f9680000,0x00000000fac00000)
 ParOldGen       total 92672K, used 22938K [0x00000000a0000000, 0x00000000a5a80000, 0x00000000e0000000)
  object space 92672K, 24% used [0x00000000a0000000,0x00000000a16668a8,0x00000000a5a80000)
 Metaspace       used 57152K, capacity 59006K, committed 59160K, reserved 1101824K
  class space    used 7305K, capacity 7731K, committed 7808K, reserved 1048576K
Event: 23.481 GC heap after
Heap after GC invocations=18 (full 2):
 PSYoungGen      total 352256K, used 17364K [0x00000000e0000000, 0x00000000fac00000, 0x0000000100000000)
  eden space 330240K, 0% used [0x00000000e0000000,0x00000000e0000000,0x00000000f4280000)
  from space 22016K, 78% used [0x00000000f9680000,0x00000000fa775278,0x00000000fac00000)
  to   space 17408K, 0% used [0x00000000f4280000,0x00000000f4280000,0x00000000f5380000)
 ParOldGen       total 92672K, used 23837K [0x00000000a0000000, 0x00000000a5a80000, 0x00000000e0000000)
  object space 92672K, 25% used [0x00000000a0000000,0x00000000a1747578,0x00000000a5a80000)
 Metaspace       used 57152K, capacity 59006K, committed 59160K, reserved 1101824K
  class space    used 7305K, capacity 7731K, committed 7808K, reserved 1048576K
}
Event: 23.482 GC heap before
{Heap before GC invocations=19 (full 3):
 PSYoungGen      total 352256K, used 17364K [0x00000000e0000000, 0x00000000fac00000, 0x0000000100000000)
  eden space 330240K, 0% used [0x00000000e0000000,0x00000000e0000000,0x00000000f4280000)
  from space 22016K, 78% used [0x00000000f9680000,0x00000000fa775278,0x00000000fac00000)
  to   space 17408K, 0% used [0x00000000f4280000,0x00000000f4280000,0x00000000f5380000)
 ParOldGen       total 92672K, used 23837K [0x00000000a0000000, 0x00000000a5a80000, 0x00000000e0000000)
  object space 92672K, 25% used [0x00000000a0000000,0x00000000a1747578,0x00000000a5a80000)
 Metaspace       used 57152K, capacity 59006K, committed 59160K, reserved 1101824K
  class space    used 7305K, capacity 7731K, committed 7808K, reserved 1048576K
Event: 23.704 GC heap after
Heap after GC invocations=19 (full 3):
 PSYoungGen      total 352256K, used 0K [0x00000000e0000000, 0x00000000fac00000, 0x0000000100000000)
  eden space 330240K, 0% used [0x00000000e0000000,0x00000000e0000000,0x00000000f4280000)
  from space 22016K, 0% used [0x00000000f9680000,0x00000000f9680000,0x00000000fac00000)
  to   space 17408K, 0% used [0x00000000f4280000,0x00000000f4280000,0x00000000f5380000)
 ParOldGen       total 118272K, used 30535K [0x00000000a0000000, 0x00000000a7380000, 0x00000000e0000000)
  object space 118272K, 25% used [0x00000000a0000000,0x00000000a1dd1d40,0x00000000a7380000)
 Metaspace       used 57029K, capacity 58738K, committed 59160K, reserved 1101824K
  class space    used 7269K, capacity 7688K, committed 7808K, reserved 1048576K
}

